Analysis & Synthesis report for lab5
Thu Nov 06 16:21:46 2025
Quartus II 64-Bit Version 13.1.0 Build 162 10/23/2013 SJ Web Edition


---------------------
; Table of Contents ;
---------------------
  1. Legal Notice
  2. Analysis & Synthesis Summary
  3. Analysis & Synthesis Settings
  4. Parallel Compilation
  5. Analysis & Synthesis Source Files Read
  6. Analysis & Synthesis Resource Usage Summary
  7. Analysis & Synthesis Resource Utilization by Entity
  8. General Register Statistics
  9. Inverted Register Statistics
 10. Parameter Settings for User Entity Instance: lab5_part4:dice|LPM_COUNTER:delay1
 11. Parameter Settings for User Entity Instance: lab5_part4:dice|LPM_COUNTER:delay2
 12. Parameter Settings for User Entity Instance: lab5_part4:dice|LPM_COUNTER:delay3
 13. Parameter Settings for User Entity Instance: lab5_part4:dice|LPM_COUNTER:delay4
 14. Elapsed Time Per Partition
 15. Analysis & Synthesis Messages



----------------
; Legal Notice ;
----------------
Copyright (C) 1991-2013 Altera Corporation
Your use of Altera Corporation's design tools, logic functions 
and other software and tools, and its AMPP partner logic 
functions, and any output files from any of the foregoing 
(including device programming or simulation files), and any 
associated documentation or information are expressly subject 
to the terms and conditions of the Altera Program License 
Subscription Agreement, Altera MegaCore Function License 
Agreement, or other applicable license agreement, including, 
without limitation, that your use is for the sole purpose of 
programming logic devices manufactured by Altera and sold by 
Altera or its authorized distributors.  Please refer to the 
applicable agreement for further details.



+---------------------------------------------------------------------------------+
; Analysis & Synthesis Summary                                                    ;
+------------------------------------+--------------------------------------------+
; Analysis & Synthesis Status        ; Successful - Thu Nov 06 16:21:46 2025      ;
; Quartus II 64-Bit Version          ; 13.1.0 Build 162 10/23/2013 SJ Web Edition ;
; Revision Name                      ; lab5                                       ;
; Top-level Entity Name              ; lab5                                       ;
; Family                             ; Cyclone IV E                               ;
; Total logic elements               ; 74                                         ;
;     Total combinational functions  ; 74                                         ;
;     Dedicated logic registers      ; 34                                         ;
; Total registers                    ; 34                                         ;
; Total pins                         ; 33                                         ;
; Total virtual pins                 ; 0                                          ;
; Total memory bits                  ; 0                                          ;
; Embedded Multiplier 9-bit elements ; 0                                          ;
; Total PLLs                         ; 0                                          ;
+------------------------------------+--------------------------------------------+


+----------------------------------------------------------------------------------------------------------------------+
; Analysis & Synthesis Settings                                                                                        ;
+----------------------------------------------------------------------------+--------------------+--------------------+
; Option                                                                     ; Setting            ; Default Value      ;
+----------------------------------------------------------------------------+--------------------+--------------------+
; Device                                                                     ; EP4CE115F29C7      ;                    ;
; Top-level entity name                                                      ; lab5               ; lab5               ;
; Family name                                                                ; Cyclone IV E       ; Cyclone IV GX      ;
; Use smart compilation                                                      ; Off                ; Off                ;
; Enable parallel Assembler and TimeQuest Timing Analyzer during compilation ; On                 ; On                 ;
; Enable compact report table                                                ; Off                ; Off                ;
; Restructure Multiplexers                                                   ; Auto               ; Auto               ;
; Create Debugging Nodes for IP Cores                                        ; Off                ; Off                ;
; Preserve fewer node names                                                  ; On                 ; On                 ;
; Disable OpenCore Plus hardware evaluation                                  ; Off                ; Off                ;
; Verilog Version                                                            ; Verilog_2001       ; Verilog_2001       ;
; VHDL Version                                                               ; VHDL_1993          ; VHDL_1993          ;
; State Machine Processing                                                   ; Auto               ; Auto               ;
; Safe State Machine                                                         ; Off                ; Off                ;
; Extract Verilog State Machines                                             ; On                 ; On                 ;
; Extract VHDL State Machines                                                ; On                 ; On                 ;
; Ignore Verilog initial constructs                                          ; Off                ; Off                ;
; Iteration limit for constant Verilog loops                                 ; 5000               ; 5000               ;
; Iteration limit for non-constant Verilog loops                             ; 250                ; 250                ;
; Add Pass-Through Logic to Inferred RAMs                                    ; On                 ; On                 ;
; Infer RAMs from Raw Logic                                                  ; On                 ; On                 ;
; Parallel Synthesis                                                         ; On                 ; On                 ;
; DSP Block Balancing                                                        ; Auto               ; Auto               ;
; NOT Gate Push-Back                                                         ; On                 ; On                 ;
; Power-Up Don't Care                                                        ; On                 ; On                 ;
; Remove Redundant Logic Cells                                               ; Off                ; Off                ;
; Remove Duplicate Registers                                                 ; On                 ; On                 ;
; Ignore CARRY Buffers                                                       ; Off                ; Off                ;
; Ignore CASCADE Buffers                                                     ; Off                ; Off                ;
; Ignore GLOBAL Buffers                                                      ; Off                ; Off                ;
; Ignore ROW GLOBAL Buffers                                                  ; Off                ; Off                ;
; Ignore LCELL Buffers                                                       ; Off                ; Off                ;
; Ignore SOFT Buffers                                                        ; On                 ; On                 ;
; Limit AHDL Integers to 32 Bits                                             ; Off                ; Off                ;
; Optimization Technique                                                     ; Balanced           ; Balanced           ;
; Carry Chain Length                                                         ; 70                 ; 70                 ;
; Auto Carry Chains                                                          ; On                 ; On                 ;
; Auto Open-Drain Pins                                                       ; On                 ; On                 ;
; Perform WYSIWYG Primitive Resynthesis                                      ; Off                ; Off                ;
; Auto ROM Replacement                                                       ; On                 ; On                 ;
; Auto RAM Replacement                                                       ; On                 ; On                 ;
; Auto DSP Block Replacement                                                 ; On                 ; On                 ;
; Auto Shift Register Replacement                                            ; Auto               ; Auto               ;
; Allow Shift Register Merging across Hierarchies                            ; Auto               ; Auto               ;
; Auto Clock Enable Replacement                                              ; On                 ; On                 ;
; Strict RAM Replacement                                                     ; Off                ; Off                ;
; Allow Synchronous Control Signals                                          ; On                 ; On                 ;
; Force Use of Synchronous Clear Signals                                     ; Off                ; Off                ;
; Auto RAM Block Balancing                                                   ; On                 ; On                 ;
; Auto RAM to Logic Cell Conversion                                          ; Off                ; Off                ;
; Auto Resource Sharing                                                      ; Off                ; Off                ;
; Allow Any RAM Size For Recognition                                         ; Off                ; Off                ;
; Allow Any ROM Size For Recognition                                         ; Off                ; Off                ;
; Allow Any Shift Register Size For Recognition                              ; Off                ; Off                ;
; Use LogicLock Constraints during Resource Balancing                        ; On                 ; On                 ;
; Ignore translate_off and synthesis_off directives                          ; Off                ; Off                ;
; Timing-Driven Synthesis                                                    ; On                 ; On                 ;
; Report Parameter Settings                                                  ; On                 ; On                 ;
; Report Source Assignments                                                  ; On                 ; On                 ;
; Report Connectivity Checks                                                 ; On                 ; On                 ;
; Ignore Maximum Fan-Out Assignments                                         ; Off                ; Off                ;
; Synchronization Register Chain Length                                      ; 2                  ; 2                  ;
; PowerPlay Power Optimization                                               ; Normal compilation ; Normal compilation ;
; HDL message level                                                          ; Level2             ; Level2             ;
; Suppress Register Optimization Related Messages                            ; Off                ; Off                ;
; Number of Removed Registers Reported in Synthesis Report                   ; 5000               ; 5000               ;
; Number of Swept Nodes Reported in Synthesis Report                         ; 5000               ; 5000               ;
; Number of Inverted Registers Reported in Synthesis Report                  ; 100                ; 100                ;
; Clock MUX Protection                                                       ; On                 ; On                 ;
; Auto Gated Clock Conversion                                                ; Off                ; Off                ;
; Block Design Naming                                                        ; Auto               ; Auto               ;
; SDC constraint protection                                                  ; Off                ; Off                ;
; Synthesis Effort                                                           ; Auto               ; Auto               ;
; Shift Register Replacement - Allow Asynchronous Clear Signal               ; On                 ; On                 ;
; Pre-Mapping Resynthesis Optimization                                       ; Off                ; Off                ;
; Analysis & Synthesis Message Level                                         ; Medium             ; Medium             ;
; Disable Register Merging Across Hierarchies                                ; Auto               ; Auto               ;
; Resource Aware Inference For Block RAM                                     ; On                 ; On                 ;
; Synthesis Seed                                                             ; 1                  ; 1                  ;
+----------------------------------------------------------------------------+--------------------+--------------------+


+------------------------------------------+
; Parallel Compilation                     ;
+----------------------------+-------------+
; Processors                 ; Number      ;
+----------------------------+-------------+
; Number detected on machine ; 20          ;
; Maximum allowed            ; 14          ;
;                            ;             ;
; Average used               ; 1.00        ;
; Maximum used               ; 2           ;
;                            ;             ;
; Usage by Processor         ; % Time Used ;
;     Processor 1            ; 100.0%      ;
;     Processor 2            ; < 0.1%      ;
;     Processors 3-20        ;   0.0%      ;
+----------------------------+-------------+


+----------------------------------------------------------------------------------------------------------------------------------------------------------------------------+
; Analysis & Synthesis Source Files Read                                                                                                                                     ;
+----------------------------------+-----------------+------------------------------------+------------------------------------------------------------------------+---------+
; File Name with User-Entered Path ; Used in Netlist ; File Type                          ; File Name with Absolute Path                                           ; Library ;
+----------------------------------+-----------------+------------------------------------+------------------------------------------------------------------------+---------+
; die_decoder.vhd                  ; yes             ; User VHDL File                     ; C:/Users/ragha/OneDrive/Documents/495_lab5/die_decoder.vhd             ;         ;
; mod_6_counter.bdf                ; yes             ; User Block Diagram/Schematic File  ; C:/Users/ragha/OneDrive/Documents/495_lab5/mod_6_counter.bdf           ;         ;
; lab5_part3.vhd                   ; yes             ; User VHDL File                     ; C:/Users/ragha/OneDrive/Documents/495_lab5/lab5_part3.vhd              ;         ;
; lab5.vhd                         ; yes             ; User VHDL File                     ; C:/Users/ragha/OneDrive/Documents/495_lab5/lab5.vhd                    ;         ;
; lab5_part4.vhd                   ; yes             ; User VHDL File                     ; C:/Users/ragha/OneDrive/Documents/495_lab5/lab5_part4.vhd              ;         ;
; lpm_counter.tdf                  ; yes             ; Megafunction                       ; c:/altera/13.1/quartus/libraries/megafunctions/lpm_counter.tdf         ;         ;
; lpm_constant.inc                 ; yes             ; Megafunction                       ; c:/altera/13.1/quartus/libraries/megafunctions/lpm_constant.inc        ;         ;
; lpm_decode.inc                   ; yes             ; Megafunction                       ; c:/altera/13.1/quartus/libraries/megafunctions/lpm_decode.inc          ;         ;
; lpm_add_sub.inc                  ; yes             ; Megafunction                       ; c:/altera/13.1/quartus/libraries/megafunctions/lpm_add_sub.inc         ;         ;
; cmpconst.inc                     ; yes             ; Megafunction                       ; c:/altera/13.1/quartus/libraries/megafunctions/cmpconst.inc            ;         ;
; lpm_compare.inc                  ; yes             ; Megafunction                       ; c:/altera/13.1/quartus/libraries/megafunctions/lpm_compare.inc         ;         ;
; lpm_counter.inc                  ; yes             ; Megafunction                       ; c:/altera/13.1/quartus/libraries/megafunctions/lpm_counter.inc         ;         ;
; dffeea.inc                       ; yes             ; Megafunction                       ; c:/altera/13.1/quartus/libraries/megafunctions/dffeea.inc              ;         ;
; alt_counter_stratix.inc          ; yes             ; Megafunction                       ; c:/altera/13.1/quartus/libraries/megafunctions/alt_counter_stratix.inc ;         ;
; aglobal131.inc                   ; yes             ; Megafunction                       ; c:/altera/13.1/quartus/libraries/megafunctions/aglobal131.inc          ;         ;
; db/cntr_eai.tdf                  ; yes             ; Auto-Generated Megafunction        ; C:/Users/ragha/OneDrive/Documents/495_lab5/db/cntr_eai.tdf             ;         ;
; db/cntr_fai.tdf                  ; yes             ; Auto-Generated Megafunction        ; C:/Users/ragha/OneDrive/Documents/495_lab5/db/cntr_fai.tdf             ;         ;
; db/cntr_gai.tdf                  ; yes             ; Auto-Generated Megafunction        ; C:/Users/ragha/OneDrive/Documents/495_lab5/db/cntr_gai.tdf             ;         ;
; db/cntr_hai.tdf                  ; yes             ; Auto-Generated Megafunction        ; C:/Users/ragha/OneDrive/Documents/495_lab5/db/cntr_hai.tdf             ;         ;
+----------------------------------+-----------------+------------------------------------+------------------------------------------------------------------------+---------+


+--------------------------------------------------------------------+
; Analysis & Synthesis Resource Usage Summary                        ;
+---------------------------------------------+----------------------+
; Resource                                    ; Usage                ;
+---------------------------------------------+----------------------+
; Estimated Total logic elements              ; 74                   ;
;                                             ;                      ;
; Total combinational functions               ; 74                   ;
; Logic element usage by number of LUT inputs ;                      ;
;     -- 4 input functions                    ; 11                   ;
;     -- 3 input functions                    ; 23                   ;
;     -- <=2 input functions                  ; 40                   ;
;                                             ;                      ;
; Logic elements by mode                      ;                      ;
;     -- normal mode                          ; 52                   ;
;     -- arithmetic mode                      ; 22                   ;
;                                             ;                      ;
; Total registers                             ; 34                   ;
;     -- Dedicated logic registers            ; 34                   ;
;     -- I/O registers                        ; 0                    ;
;                                             ;                      ;
; I/O pins                                    ; 33                   ;
; Embedded Multiplier 9-bit elements          ; 0                    ;
; Maximum fan-out node                        ; lab5_part4:dice|clkb ;
; Maximum fan-out                             ; 22                   ;
; Total fan-out                               ; 317                  ;
; Average fan-out                             ; 1.82                 ;
+---------------------------------------------+----------------------+


+----------------------------------------------------------------------------------------------------------------------------------------------------------------------------------------------------------------------------------+
; Analysis & Synthesis Resource Utilization by Entity                                                                                                                                                                              ;
+------------------------------------+-------------------+--------------+-------------+--------------+---------+-----------+------+--------------+------------------------------------------------------------------+--------------+
; Compilation Hierarchy Node         ; LC Combinationals ; LC Registers ; Memory Bits ; DSP Elements ; DSP 9x9 ; DSP 18x18 ; Pins ; Virtual Pins ; Full Hierarchy Name                                              ; Library Name ;
+------------------------------------+-------------------+--------------+-------------+--------------+---------+-----------+------+--------------+------------------------------------------------------------------+--------------+
; |lab5                              ; 74 (19)           ; 34 (0)       ; 0           ; 0            ; 0       ; 0         ; 33   ; 0            ; |lab5                                                            ; work         ;
;    |lab5_part4:dice|               ; 55 (1)            ; 34 (0)       ; 0           ; 0            ; 0       ; 0         ; 0    ; 0            ; |lab5|lab5_part4:dice                                            ; work         ;
;       |lab5_part3:die1|            ; 7 (0)             ; 3 (0)        ; 0           ; 0            ; 0       ; 0         ; 0    ; 0            ; |lab5|lab5_part4:dice|lab5_part3:die1                            ; work         ;
;          |die_decoder:DD_1|        ; 3 (3)             ; 0 (0)        ; 0           ; 0            ; 0       ; 0         ; 0    ; 0            ; |lab5|lab5_part4:dice|lab5_part3:die1|die_decoder:DD_1           ; work         ;
;          |mod_6_counter:MC_1|      ; 4 (4)             ; 3 (3)        ; 0           ; 0            ; 0       ; 0         ; 0    ; 0            ; |lab5|lab5_part4:dice|lab5_part3:die1|mod_6_counter:MC_1         ; work         ;
;       |lab5_part3:die2|            ; 7 (0)             ; 3 (0)        ; 0           ; 0            ; 0       ; 0         ; 0    ; 0            ; |lab5|lab5_part4:dice|lab5_part3:die2                            ; work         ;
;          |die_decoder:DD_1|        ; 3 (3)             ; 0 (0)        ; 0           ; 0            ; 0       ; 0         ; 0    ; 0            ; |lab5|lab5_part4:dice|lab5_part3:die2|die_decoder:DD_1           ; work         ;
;          |mod_6_counter:MC_1|      ; 4 (4)             ; 3 (3)        ; 0           ; 0            ; 0       ; 0         ; 0    ; 0            ; |lab5|lab5_part4:dice|lab5_part3:die2|mod_6_counter:MC_1         ; work         ;
;       |lab5_part3:die3|            ; 7 (0)             ; 3 (0)        ; 0           ; 0            ; 0       ; 0         ; 0    ; 0            ; |lab5|lab5_part4:dice|lab5_part3:die3                            ; work         ;
;          |die_decoder:DD_1|        ; 3 (3)             ; 0 (0)        ; 0           ; 0            ; 0       ; 0         ; 0    ; 0            ; |lab5|lab5_part4:dice|lab5_part3:die3|die_decoder:DD_1           ; work         ;
;          |mod_6_counter:MC_1|      ; 4 (4)             ; 3 (3)        ; 0           ; 0            ; 0       ; 0         ; 0    ; 0            ; |lab5|lab5_part4:dice|lab5_part3:die3|mod_6_counter:MC_1         ; work         ;
;       |lab5_part3:die4|            ; 7 (0)             ; 3 (0)        ; 0           ; 0            ; 0       ; 0         ; 0    ; 0            ; |lab5|lab5_part4:dice|lab5_part3:die4                            ; work         ;
;          |die_decoder:DD_1|        ; 3 (3)             ; 0 (0)        ; 0           ; 0            ; 0       ; 0         ; 0    ; 0            ; |lab5|lab5_part4:dice|lab5_part3:die4|die_decoder:DD_1           ; work         ;
;          |mod_6_counter:MC_1|      ; 4 (4)             ; 3 (3)        ; 0           ; 0            ; 0       ; 0         ; 0    ; 0            ; |lab5|lab5_part4:dice|lab5_part3:die4|mod_6_counter:MC_1         ; work         ;
;       |lpm_counter:delay1|         ; 5 (0)             ; 4 (0)        ; 0           ; 0            ; 0       ; 0         ; 0    ; 0            ; |lab5|lab5_part4:dice|lpm_counter:delay1                         ; work         ;
;          |cntr_eai:auto_generated| ; 5 (5)             ; 4 (4)        ; 0           ; 0            ; 0       ; 0         ; 0    ; 0            ; |lab5|lab5_part4:dice|lpm_counter:delay1|cntr_eai:auto_generated ; work         ;
;       |lpm_counter:delay2|         ; 6 (0)             ; 5 (0)        ; 0           ; 0            ; 0       ; 0         ; 0    ; 0            ; |lab5|lab5_part4:dice|lpm_counter:delay2                         ; work         ;
;          |cntr_fai:auto_generated| ; 6 (6)             ; 5 (5)        ; 0           ; 0            ; 0       ; 0         ; 0    ; 0            ; |lab5|lab5_part4:dice|lpm_counter:delay2|cntr_fai:auto_generated ; work         ;
;       |lpm_counter:delay3|         ; 7 (0)             ; 6 (0)        ; 0           ; 0            ; 0       ; 0         ; 0    ; 0            ; |lab5|lab5_part4:dice|lpm_counter:delay3                         ; work         ;
;          |cntr_gai:auto_generated| ; 7 (7)             ; 6 (6)        ; 0           ; 0            ; 0       ; 0         ; 0    ; 0            ; |lab5|lab5_part4:dice|lpm_counter:delay3|cntr_gai:auto_generated ; work         ;
;       |lpm_counter:delay4|         ; 8 (0)             ; 7 (0)        ; 0           ; 0            ; 0       ; 0         ; 0    ; 0            ; |lab5|lab5_part4:dice|lpm_counter:delay4                         ; work         ;
;          |cntr_hai:auto_generated| ; 8 (8)             ; 7 (7)        ; 0           ; 0            ; 0       ; 0         ; 0    ; 0            ; |lab5|lab5_part4:dice|lpm_counter:delay4|cntr_hai:auto_generated ; work         ;
+------------------------------------+-------------------+--------------+-------------+--------------+---------+-----------+------+--------------+------------------------------------------------------------------+--------------+
Note: For table entries with two numbers listed, the numbers in parentheses indicate the number of resources of the given type used by the specific entity alone. The numbers listed outside of parentheses indicate the total resources of the given type used by the specific entity and all of its sub-entities in the hierarchy.


+------------------------------------------------------+
; General Register Statistics                          ;
+----------------------------------------------+-------+
; Statistic                                    ; Value ;
+----------------------------------------------+-------+
; Total registers                              ; 34    ;
; Number of registers using Synchronous Clear  ; 0     ;
; Number of registers using Synchronous Load   ; 0     ;
; Number of registers using Asynchronous Clear ; 12    ;
; Number of registers using Asynchronous Load  ; 0     ;
; Number of registers using Clock Enable       ; 0     ;
; Number of registers using Preset             ; 0     ;
+----------------------------------------------+-------+


+--------------------------------------------------------------------+
; Inverted Register Statistics                                       ;
+----------------------------------------------------------+---------+
; Inverted Register                                        ; Fan out ;
+----------------------------------------------------------+---------+
; lab5_part4:dice|lab5_part3:die1|mod_6_counter:MC_1|inst7 ; 9       ;
; lab5_part4:dice|lab5_part3:die2|mod_6_counter:MC_1|inst7 ; 9       ;
; lab5_part4:dice|lab5_part3:die3|mod_6_counter:MC_1|inst7 ; 9       ;
; lab5_part4:dice|lab5_part3:die4|mod_6_counter:MC_1|inst7 ; 9       ;
; Total number of inverted registers = 4                   ;         ;
+----------------------------------------------------------+---------+


+---------------------------------------------------------------------------------+
; Parameter Settings for User Entity Instance: lab5_part4:dice|LPM_COUNTER:delay1 ;
+------------------------+-------------------+------------------------------------+
; Parameter Name         ; Value             ; Type                               ;
+------------------------+-------------------+------------------------------------+
; AUTO_CARRY_CHAINS      ; ON                ; AUTO_CARRY                         ;
; IGNORE_CARRY_BUFFERS   ; OFF               ; IGNORE_CARRY                       ;
; AUTO_CASCADE_CHAINS    ; ON                ; AUTO_CASCADE                       ;
; IGNORE_CASCADE_BUFFERS ; OFF               ; IGNORE_CASCADE                     ;
; LPM_WIDTH              ; 4                 ; Signed Integer                     ;
; LPM_DIRECTION          ; DEFAULT           ; Untyped                            ;
; LPM_MODULUS            ; 0                 ; Signed Integer                     ;
; LPM_AVALUE             ; UNUSED            ; Untyped                            ;
; LPM_SVALUE             ; UNUSED            ; Untyped                            ;
; LPM_PORT_UPDOWN        ; PORT_CONNECTIVITY ; Untyped                            ;
; DEVICE_FAMILY          ; Cyclone IV E      ; Untyped                            ;
; CARRY_CHAIN            ; MANUAL            ; Untyped                            ;
; CARRY_CHAIN_LENGTH     ; 48                ; CARRY_CHAIN_LENGTH                 ;
; NOT_GATE_PUSH_BACK     ; ON                ; NOT_GATE_PUSH_BACK                 ;
; CARRY_CNT_EN           ; SMART             ; Untyped                            ;
; LABWIDE_SCLR           ; ON                ; Untyped                            ;
; USE_NEW_VERSION        ; TRUE              ; Untyped                            ;
; CBXI_PARAMETER         ; cntr_eai          ; Untyped                            ;
+------------------------+-------------------+------------------------------------+
Note: In order to hide this table in the UI and the text report file, please set the "Show Parameter Settings in Synthesis Report" option in "Analysis and Synthesis Settings -> More Settings" to "Off".


+---------------------------------------------------------------------------------+
; Parameter Settings for User Entity Instance: lab5_part4:dice|LPM_COUNTER:delay2 ;
+------------------------+-------------------+------------------------------------+
; Parameter Name         ; Value             ; Type                               ;
+------------------------+-------------------+------------------------------------+
; AUTO_CARRY_CHAINS      ; ON                ; AUTO_CARRY                         ;
; IGNORE_CARRY_BUFFERS   ; OFF               ; IGNORE_CARRY                       ;
; AUTO_CASCADE_CHAINS    ; ON                ; AUTO_CASCADE                       ;
; IGNORE_CASCADE_BUFFERS ; OFF               ; IGNORE_CASCADE                     ;
; LPM_WIDTH              ; 5                 ; Signed Integer                     ;
; LPM_DIRECTION          ; DEFAULT           ; Untyped                            ;
; LPM_MODULUS            ; 0                 ; Signed Integer                     ;
; LPM_AVALUE             ; UNUSED            ; Untyped                            ;
; LPM_SVALUE             ; UNUSED            ; Untyped                            ;
; LPM_PORT_UPDOWN        ; PORT_CONNECTIVITY ; Untyped                            ;
; DEVICE_FAMILY          ; Cyclone IV E      ; Untyped                            ;
; CARRY_CHAIN            ; MANUAL            ; Untyped                            ;
; CARRY_CHAIN_LENGTH     ; 48                ; CARRY_CHAIN_LENGTH                 ;
; NOT_GATE_PUSH_BACK     ; ON                ; NOT_GATE_PUSH_BACK                 ;
; CARRY_CNT_EN           ; SMART             ; Untyped                            ;
; LABWIDE_SCLR           ; ON                ; Untyped                            ;
; USE_NEW_VERSION        ; TRUE              ; Untyped                            ;
; CBXI_PARAMETER         ; cntr_fai          ; Untyped                            ;
+------------------------+-------------------+------------------------------------+
Note: In order to hide this table in the UI and the text report file, please set the "Show Parameter Settings in Synthesis Report" option in "Analysis and Synthesis Settings -> More Settings" to "Off".


+---------------------------------------------------------------------------------+
; Parameter Settings for User Entity Instance: lab5_part4:dice|LPM_COUNTER:delay3 ;
+------------------------+-------------------+------------------------------------+
; Parameter Name         ; Value             ; Type                               ;
+------------------------+-------------------+------------------------------------+
; AUTO_CARRY_CHAINS      ; ON                ; AUTO_CARRY                         ;
; IGNORE_CARRY_BUFFERS   ; OFF               ; IGNORE_CARRY                       ;
; AUTO_CASCADE_CHAINS    ; ON                ; AUTO_CASCADE                       ;
; IGNORE_CASCADE_BUFFERS ; OFF               ; IGNORE_CASCADE                     ;
; LPM_WIDTH              ; 6                 ; Signed Integer                     ;
; LPM_DIRECTION          ; DEFAULT           ; Untyped                            ;
; LPM_MODULUS            ; 0                 ; Signed Integer                     ;
; LPM_AVALUE             ; UNUSED            ; Untyped                            ;
; LPM_SVALUE             ; UNUSED            ; Untyped                            ;
; LPM_PORT_UPDOWN        ; PORT_CONNECTIVITY ; Untyped                            ;
; DEVICE_FAMILY          ; Cyclone IV E      ; Untyped                            ;
; CARRY_CHAIN            ; MANUAL            ; Untyped                            ;
; CARRY_CHAIN_LENGTH     ; 48                ; CARRY_CHAIN_LENGTH                 ;
; NOT_GATE_PUSH_BACK     ; ON                ; NOT_GATE_PUSH_BACK                 ;
; CARRY_CNT_EN           ; SMART             ; Untyped                            ;
; LABWIDE_SCLR           ; ON                ; Untyped                            ;
; USE_NEW_VERSION        ; TRUE              ; Untyped                            ;
; CBXI_PARAMETER         ; cntr_gai          ; Untyped                            ;
+------------------------+-------------------+------------------------------------+
Note: In order to hide this table in the UI and the text report file, please set the "Show Parameter Settings in Synthesis Report" option in "Analysis and Synthesis Settings -> More Settings" to "Off".


+---------------------------------------------------------------------------------+
; Parameter Settings for User Entity Instance: lab5_part4:dice|LPM_COUNTER:delay4 ;
+------------------------+-------------------+------------------------------------+
; Parameter Name         ; Value             ; Type                               ;
+------------------------+-------------------+------------------------------------+
; AUTO_CARRY_CHAINS      ; ON                ; AUTO_CARRY                         ;
; IGNORE_CARRY_BUFFERS   ; OFF               ; IGNORE_CARRY                       ;
; AUTO_CASCADE_CHAINS    ; ON                ; AUTO_CASCADE                       ;
; IGNORE_CASCADE_BUFFERS ; OFF               ; IGNORE_CASCADE                     ;
; LPM_WIDTH              ; 7                 ; Signed Integer                     ;
; LPM_DIRECTION          ; DEFAULT           ; Untyped                            ;
; LPM_MODULUS            ; 0                 ; Signed Integer                     ;
; LPM_AVALUE             ; UNUSED            ; Untyped                            ;
; LPM_SVALUE             ; UNUSED            ; Untyped                            ;
; LPM_PORT_UPDOWN        ; PORT_CONNECTIVITY ; Untyped                            ;
; DEVICE_FAMILY          ; Cyclone IV E      ; Untyped                            ;
; CARRY_CHAIN            ; MANUAL            ; Untyped                            ;
; CARRY_CHAIN_LENGTH     ; 48                ; CARRY_CHAIN_LENGTH                 ;
; NOT_GATE_PUSH_BACK     ; ON                ; NOT_GATE_PUSH_BACK                 ;
; CARRY_CNT_EN           ; SMART             ; Untyped                            ;
; LABWIDE_SCLR           ; ON                ; Untyped                            ;
; USE_NEW_VERSION        ; TRUE              ; Untyped                            ;
; CBXI_PARAMETER         ; cntr_hai          ; Untyped                            ;
+------------------------+-------------------+------------------------------------+
Note: In order to hide this table in the UI and the text report file, please set the "Show Parameter Settings in Synthesis Report" option in "Analysis and Synthesis Settings -> More Settings" to "Off".


+-------------------------------+
; Elapsed Time Per Partition    ;
+----------------+--------------+
; Partition Name ; Elapsed Time ;
+----------------+--------------+
; Top            ; 00:00:01     ;
+----------------+--------------+


+-------------------------------+
; Analysis & Synthesis Messages ;
+-------------------------------+
Info: *******************************************************************
Info: Running Quartus II 64-Bit Analysis & Synthesis
    Info: Version 13.1.0 Build 162 10/23/2013 SJ Web Edition
    Info: Processing started: Thu Nov 06 16:21:42 2025
Info: Command: quartus_map --read_settings_files=on --write_settings_files=off lab5 -c lab5
Info (11104): Parallel Compilation has detected 20 hyper-threaded processors. However, the extra hyper-threaded processors will not be used by default. Parallel Compilation will use 14 of the 14 physical processors detected instead.
Info (12021): Found 2 design units, including 1 entities, in source file die_decoder.vhd
    Info (12022): Found design unit 1: die_decoder-behavior
    Info (12023): Found entity 1: die_decoder
Info (12021): Found 1 design units, including 1 entities, in source file mod_6_counter.bdf
    Info (12023): Found entity 1: mod_6_counter
Info (12021): Found 2 design units, including 1 entities, in source file lab5_part3.vhd
    Info (12022): Found design unit 1: lab5_part3-structural
    Info (12023): Found entity 1: lab5_part3
Info (12021): Found 2 design units, including 1 entities, in source file lab5.vhd
    Info (12022): Found design unit 1: lab5-structural
    Info (12023): Found entity 1: lab5
Info (12021): Found 2 design units, including 1 entities, in source file lab5_part4.vhd
    Info (12022): Found design unit 1: lab5_part4-structural
    Info (12023): Found entity 1: lab5_part4
Info (12127): Elaborating entity "lab5" for the top level hierarchy
Warning (10492): VHDL Process Statement warning at lab5.vhd(47): signal "die1" is read inside the Process Statement but isn't in the Process Statement's sensitivity list
Warning (10492): VHDL Process Statement warning at lab5.vhd(47): signal "die2" is read inside the Process Statement but isn't in the Process Statement's sensitivity list
Warning (10492): VHDL Process Statement warning at lab5.vhd(47): signal "die3" is read inside the Process Statement but isn't in the Process Statement's sensitivity list
Warning (10492): VHDL Process Statement warning at lab5.vhd(47): signal "die4" is read inside the Process Statement but isn't in the Process Statement's sensitivity list
Warning (10492): VHDL Process Statement warning at lab5.vhd(51): signal "die1" is read inside the Process Statement but isn't in the Process Statement's sensitivity list
Warning (10492): VHDL Process Statement warning at lab5.vhd(51): signal "die2" is read inside the Process Statement but isn't in the Process Statement's sensitivity list
Warning (10492): VHDL Process Statement warning at lab5.vhd(51): signal "die3" is read inside the Process Statement but isn't in the Process Statement's sensitivity list
Warning (10492): VHDL Process Statement warning at lab5.vhd(52): signal "die1" is read inside the Process Statement but isn't in the Process Statement's sensitivity list
Warning (10492): VHDL Process Statement warning at lab5.vhd(52): signal "die2" is read inside the Process Statement but isn't in the Process Statement's sensitivity list
Warning (10492): VHDL Process Statement warning at lab5.vhd(52): signal "die4" is read inside the Process Statement but isn't in the Process Statement's sensitivity list
Warning (10492): VHDL Process Statement warning at lab5.vhd(53): signal "die1" is read inside the Process Statement but isn't in the Process Statement's sensitivity list
Warning (10492): VHDL Process Statement warning at lab5.vhd(53): signal "die3" is read inside the Process Statement but isn't in the Process Statement's sensitivity list
Warning (10492): VHDL Process Statement warning at lab5.vhd(53): signal "die4" is read inside the Process Statement but isn't in the Process Statement's sensitivity list
Warning (10492): VHDL Process Statement warning at lab5.vhd(54): signal "die2" is read inside the Process Statement but isn't in the Process Statement's sensitivity list
Warning (10492): VHDL Process Statement warning at lab5.vhd(54): signal "die3" is read inside the Process Statement but isn't in the Process Statement's sensitivity list
Warning (10492): VHDL Process Statement warning at lab5.vhd(54): signal "die4" is read inside the Process Statement but isn't in the Process Statement's sensitivity list
Warning (10492): VHDL Process Statement warning at lab5.vhd(60): signal "die1" is read inside the Process Statement but isn't in the Process Statement's sensitivity list
Warning (10492): VHDL Process Statement warning at lab5.vhd(60): signal "die2" is read inside the Process Statement but isn't in the Process Statement's sensitivity list
Warning (10492): VHDL Process Statement warning at lab5.vhd(60): signal "die3" is read inside the Process Statement but isn't in the Process Statement's sensitivity list
Warning (10492): VHDL Process Statement warning at lab5.vhd(61): signal "die1" is read inside the Process Statement but isn't in the Process Statement's sensitivity list
Warning (10492): VHDL Process Statement warning at lab5.vhd(61): signal "die3" is read inside the Process Statement but isn't in the Process Statement's sensitivity list
Warning (10492): VHDL Process Statement warning at lab5.vhd(61): signal "die2" is read inside the Process Statement but isn't in the Process Statement's sensitivity list
Warning (10492): VHDL Process Statement warning at lab5.vhd(61): signal "die4" is read inside the Process Statement but isn't in the Process Statement's sensitivity list
Warning (10492): VHDL Process Statement warning at lab5.vhd(62): signal "die1" is read inside the Process Statement but isn't in the Process Statement's sensitivity list
Warning (10492): VHDL Process Statement warning at lab5.vhd(62): signal "die4" is read inside the Process Statement but isn't in the Process Statement's sensitivity list
Warning (10492): VHDL Process Statement warning at lab5.vhd(62): signal "die2" is read inside the Process Statement but isn't in the Process Statement's sensitivity list
Warning (10492): VHDL Process Statement warning at lab5.vhd(62): signal "die3" is read inside the Process Statement but isn't in the Process Statement's sensitivity list
Info (12128): Elaborating entity "lab5_part4" for hierarchy "lab5_part4:dice"
Info (12128): Elaborating entity "LPM_COUNTER" for hierarchy "lab5_part4:dice|LPM_COUNTER:delay1"
Info (12130): Elaborated megafunction instantiation "lab5_part4:dice|LPM_COUNTER:delay1"
Info (12133): Instantiated megafunction "lab5_part4:dice|LPM_COUNTER:delay1" with the following parameter:
    Info (12134): Parameter "LPM_WIDTH" = "4"
    Info (12134): Parameter "LPM_MODULUS" = "0"
    Info (12134): Parameter "LPM_DIRECTION" = "UNUSED"
    Info (12134): Parameter "LPM_AVALUE" = "UNUSED"
    Info (12134): Parameter "LPM_SVALUE" = "UNUSED"
    Info (12134): Parameter "LPM_PORT_UPDOWN" = "PORT_CONNECTIVITY"
    Info (12134): Parameter "LPM_PVALUE" = "UNUSED"
    Info (12134): Parameter "LPM_TYPE" = "LPM_COUNTER"
    Info (12134): Parameter "LPM_HINT" = "UNUSED"
Info (12021): Found 1 design units, including 1 entities, in source file db/cntr_eai.tdf
    Info (12023): Found entity 1: cntr_eai
Info (12128): Elaborating entity "cntr_eai" for hierarchy "lab5_part4:dice|LPM_COUNTER:delay1|cntr_eai:auto_generated"
Info (12128): Elaborating entity "LPM_COUNTER" for hierarchy "lab5_part4:dice|LPM_COUNTER:delay2"
Info (12130): Elaborated megafunction instantiation "lab5_part4:dice|LPM_COUNTER:delay2"
Info (12133): Instantiated megafunction "lab5_part4:dice|LPM_COUNTER:delay2" with the following parameter:
    Info (12134): Parameter "LPM_WIDTH" = "5"
    Info (12134): Parameter "LPM_MODULUS" = "0"
    Info (12134): Parameter "LPM_DIRECTION" = "UNUSED"
    Info (12134): Parameter "LPM_AVALUE" = "UNUSED"
    Info (12134): Parameter "LPM_SVALUE" = "UNUSED"
    Info (12134): Parameter "LPM_PORT_UPDOWN" = "PORT_CONNECTIVITY"
    Info (12134): Parameter "LPM_PVALUE" = "UNUSED"
    Info (12134): Parameter "LPM_TYPE" = "LPM_COUNTER"
    Info (12134): Parameter "LPM_HINT" = "UNUSED"
Info (12021): Found 1 design units, including 1 entities, in source file db/cntr_fai.tdf
    Info (12023): Found entity 1: cntr_fai
Info (12128): Elaborating entity "cntr_fai" for hierarchy "lab5_part4:dice|LPM_COUNTER:delay2|cntr_fai:auto_generated"
Info (12128): Elaborating entity "LPM_COUNTER" for hierarchy "lab5_part4:dice|LPM_COUNTER:delay3"
Info (12130): Elaborated megafunction instantiation "lab5_part4:dice|LPM_COUNTER:delay3"
Info (12133): Instantiated megafunction "lab5_part4:dice|LPM_COUNTER:delay3" with the following parameter:
    Info (12134): Parameter "LPM_WIDTH" = "6"
    Info (12134): Parameter "LPM_MODULUS" = "0"
    Info (12134): Parameter "LPM_DIRECTION" = "UNUSED"
    Info (12134): Parameter "LPM_AVALUE" = "UNUSED"
    Info (12134): Parameter "LPM_SVALUE" = "UNUSED"
    Info (12134): Parameter "LPM_PORT_UPDOWN" = "PORT_CONNECTIVITY"
    Info (12134): Parameter "LPM_PVALUE" = "UNUSED"
    Info (12134): Parameter "LPM_TYPE" = "LPM_COUNTER"
    Info (12134): Parameter "LPM_HINT" = "UNUSED"
Info (12021): Found 1 design units, including 1 entities, in source file db/cntr_gai.tdf
    Info (12023): Found entity 1: cntr_gai
Info (12128): Elaborating entity "cntr_gai" for hierarchy "lab5_part4:dice|LPM_COUNTER:delay3|cntr_gai:auto_generated"
Info (12128): Elaborating entity "LPM_COUNTER" for hierarchy "lab5_part4:dice|LPM_COUNTER:delay4"
Info (12130): Elaborated megafunction instantiation "lab5_part4:dice|LPM_COUNTER:delay4"
Info (12133): Instantiated megafunction "lab5_part4:dice|LPM_COUNTER:delay4" with the following parameter:
    Info (12134): Parameter "LPM_WIDTH" = "7"
    Info (12134): Parameter "LPM_MODULUS" = "0"
    Info (12134): Parameter "LPM_DIRECTION" = "UNUSED"
    Info (12134): Parameter "LPM_AVALUE" = "UNUSED"
    Info (12134): Parameter "LPM_SVALUE" = "UNUSED"
    Info (12134): Parameter "LPM_PORT_UPDOWN" = "PORT_CONNECTIVITY"
    Info (12134): Parameter "LPM_PVALUE" = "UNUSED"
    Info (12134): Parameter "LPM_TYPE" = "LPM_COUNTER"
    Info (12134): Parameter "LPM_HINT" = "UNUSED"
Info (12021): Found 1 design units, including 1 entities, in source file db/cntr_hai.tdf
    Info (12023): Found entity 1: cntr_hai
Info (12128): Elaborating entity "cntr_hai" for hierarchy "lab5_part4:dice|LPM_COUNTER:delay4|cntr_hai:auto_generated"
Info (12128): Elaborating entity "lab5_part3" for hierarchy "lab5_part4:dice|lab5_part3:die1"
Info (12128): Elaborating entity "die_decoder" for hierarchy "lab5_part4:dice|lab5_part3:die1|die_decoder:DD_1"
Info (12128): Elaborating entity "mod_6_counter" for hierarchy "lab5_part4:dice|lab5_part3:die1|mod_6_counter:MC_1"
Info (13000): Registers with preset signals will power-up high
Info (13003): DEV_CLRn pin will set, and not reset, register with preset signal due to NOT Gate Push-Back
Info (286030): Timing-Driven Synthesis is running
Info (16010): Generating hard_block partition "hard_block:auto_generated_inst"
    Info (16011): Adding 0 node(s), including 0 DDIO, 0 PLL, 0 transceiver and 0 LCELL
Info (21057): Implemented 107 device resources after synthesis - the final resource count might be different
    Info (21058): Implemented 2 input pins
    Info (21059): Implemented 31 output pins
    Info (21061): Implemented 74 logic cells
Info: Quartus II 64-Bit Analysis & Synthesis was successful. 0 errors, 27 warnings
    Info: Peak virtual memory: 4710 megabytes
    Info: Processing ended: Thu Nov 06 16:21:46 2025
    Info: Elapsed time: 00:00:04
    Info: Total CPU time (on all processors): 00:00:04


